22:12:38: Пользователь Катюша🌊 !  написал "блять" при написании запроса.
22:12:40: Пользователь Катюша🌊 !  написал "блять" при написании отзыва.
22:13:11: Пользователь Danila Sergeew  написал "хуй" при написании запроса.
22:13:14: Пользователь Danila Sergeew  написал "хуй" при написании отзыва.
22:13:17: Пользователь Катюша🌊 !  написал "хуй" при написании запроса.
22:13:20: Пользователь Катюша🌊 !  написал "хуй" при написании отзыва.
22:13:22: Пользователь Филипп Белов  написал "хуй" при написании запроса.
22:13:35: Пользователь Филипп Белов  написал "хуй" при написании запроса.
22:14:08: Пользователь Филипп Белов  написал "пизда" при написании запроса.
22:15:25: Пользователь Бойцовка Получается  написал "хуй" при написании запроса.
22:15:29: Пользователь Бойцовка Получается  написал "хуй" при написании отзыва.
22:16:04: Пользователь Бойцовка Получается  написал "блядина" при написании запроса.
22:16:07: Пользователь Бойцовка Получается  написал "блядина" при написании отзыва.
22:16:34: Пользователь Igor lychagin  написал "пизда" при написании запроса.
22:16:48: Пользователь Igor lychagin  написал "пизда" при написании запроса.
22:16:55: Пользователь Danila Sergeew  написал "Хуй" при написании запроса.
22:16:58: Пользователь Danila Sergeew  написал "Хуй" при написании отзыва.
22:17:09: Пользователь Igor lychagin  написал "пизда" при написании запроса.
22:17:13: Пользователь Igor lychagin  написал "пизда" при написании отзыва.
22:17:20: Пользователь Danila Sergeew  написал "Хуй" при написании запроса.
22:17:23: Пользователь Danila Sergeew  написал "Хуй" при написании отзыва.
22:17:23: Пользователь Vadim S  написал "Пиздец" при написании запроса.
22:17:49: Пользователь Катюша🌊 !  написал "ПИЗДЕЦ" при написании запроса.
22:17:52: Пользователь Danila Sergeew  написал "Хуй" при написании запроса.
22:17:56: Пользователь Danila Sergeew  написал "Хуй" при написании отзыва.
22:17:56: Пользователь Бойцовка Получается  написал "Хуй" при написании запроса.
22:18:33: Пользователь Danila Sergeew  написал "Хуй" при написании запроса.
22:18:35: Пользователь Danila Sergeew  написал "Хуй" при написании отзыва.
22:18:58: Пользователь Danila Sergeew  написал "Хуй" при написании запроса.
22:19:03: Пользователь Danila Sergeew  написал "Хуй" при написании отзыва.
22:19:40: Пользователь Vadim S  написал "Пиздец" при написании запроса.
22:19:44: Пользователь Vadim S  написал "Пиздец" при написании отзыва.
22:27:07: Пользователь Бойцовка Получается  написал "ХУЙ" при написании запроса.
22:27:13: Пользователь Бойцовка Получается  написал "ХУЙ" при написании отзыва.
